<?xml version="1.0" encoding="UTF-8"?>
<testng-results skipped="0" failed="0" ignored="0" total="1" passed="1">
  <reporter-output>
  </reporter-output>
  <suite name="Default suite" duration-ms="44174" started-at="2019-03-24T13:17:41Z" finished-at="2019-03-24T13:18:25Z">
    <groups>
      <group name="cucumber">
        <method signature="TestRunner.feature(cucumber.api.testng.CucumberFeatureWrapper)[pri:0, instance:com.divya.automationcucumber.runner.TestRunner@6c49835d]" name="feature" class="com.divya.automationcucumber.runner.TestRunner"/>
      </group> <!-- cucumber -->
    </groups>
    <test name="Default test" duration-ms="44174" started-at="2019-03-24T13:17:41Z" finished-at="2019-03-24T13:18:25Z">
      <class name="com.divya.automationcucumber.runner.TestRunner">
        <test-method status="PASS" signature="setUpClass()[pri:0, instance:com.divya.automationcucumber.runner.TestRunner@6c49835d]" name="setUpClass" is-config="true" duration-ms="483" started-at="2019-03-24T13:17:41Z" finished-at="2019-03-24T13:17:41Z">
          <reporter-output>
          </reporter-output>
        </test-method> <!-- setUpClass -->
        <test-method status="PASS" signature="feature(cucumber.api.testng.CucumberFeatureWrapper)[pri:0, instance:com.divya.automationcucumber.runner.TestRunner@6c49835d]" name="feature" duration-ms="43216" started-at="2019-03-24T13:17:41Z" description="Runs Cucumber Feature" data-provider="features" finished-at="2019-03-24T13:18:25Z">
          <params>
            <param index="0">
              <value>
                <![CDATA[Facebook Registration]]>
              </value>
            </param>
          </params>
          <reporter-output>
          </reporter-output>
        </test-method> <!-- feature -->
        <test-method status="PASS" signature="tearDownClass()[pri:0, instance:com.divya.automationcucumber.runner.TestRunner@6c49835d]" name="tearDownClass" is-config="true" duration-ms="280" started-at="2019-03-24T13:18:25Z" finished-at="2019-03-24T13:18:25Z">
          <reporter-output>
          </reporter-output>
        </test-method> <!-- tearDownClass -->
      </class> <!-- com.divya.automationcucumber.runner.TestRunner -->
    </test> <!-- Default test -->
  </suite> <!-- Default suite -->
</testng-results>
